0 verbose cli /usr/local/Cellar/node/24.7.0/bin/node /usr/local/bin/npm
1 info using npm@11.5.1
2 info using node@v24.7.0
3 silly config load:file:/usr/local/lib/node_modules/npm/npmrc
4 silly config load:file:/Users/awaiveera/Desktop/NavaFitSG/.npmrc
5 silly config load:file:/Users/awaiveera/.npmrc
6 silly config load:file:/Users/awaiveera/.npm-global/etc/npmrc
7 verbose title npm audit
8 verbose argv "audit" "--cache" ".npm-cache"
9 verbose logfile logs-max:10 dir:/Users/awaiveera/Desktop/NavaFitSG/.npm-cache/_logs/2025-12-10T13_12_13_235Z-
10 verbose logfile /Users/awaiveera/Desktop/NavaFitSG/.npm-cache/_logs/2025-12-10T13_12_13_235Z-debug-0.log
11 silly logfile done cleaning log files
12 silly packumentCache heap:4496293888 maxSize:1124073472 maxEntrySize:562036736
13 silly audit bulk request {
13 silly audit   '@acemir/cssom': [ '0.9.25' ],
13 silly audit   '@ampproject/remapping': [ '2.3.0' ],
13 silly audit   '@apidevtools/json-schema-ref-parser': [ '9.1.2' ],
13 silly audit   '@apphosting/build': [ '0.1.7' ],
13 silly audit   '@apphosting/common': [ '0.0.9', '0.0.8' ],
13 silly audit   commander: [ '11.1.0', '5.1.0', '2.20.3', '10.0.1' ],
13 silly audit   '@asamuzakjp/css-color': [ '4.1.0' ],
13 silly audit   '@asamuzakjp/dom-selector': [ '6.7.5' ],
13 silly audit   '@asamuzakjp/nwsapi': [ '2.3.9' ],
13 silly audit   '@babel/code-frame': [ '7.27.1' ],
13 silly audit   '@babel/helper-string-parser': [ '7.27.1' ],
13 silly audit   '@babel/helper-validator-identifier': [ '7.28.5' ],
13 silly audit   '@babel/parser': [ '7.28.5' ],
13 silly audit   '@babel/types': [ '7.28.5' ],
13 silly audit   '@bcoe/v8-coverage': [ '0.2.3' ],
13 silly audit   '@colors/colors': [ '1.5.0', '1.6.0' ],
13 silly audit   '@cspotcode/source-map-support': [ '0.8.1' ],
13 silly audit   '@jridgewell/trace-mapping': [ '0.3.9', '0.3.31' ],
13 silly audit   '@csstools/color-helpers': [ '5.1.0' ],
13 silly audit   '@csstools/css-calc': [ '2.1.4' ],
13 silly audit   '@csstools/css-color-parser': [ '3.1.0' ],
13 silly audit   '@csstools/css-parser-algorithms': [ '3.0.5' ],
13 silly audit   '@csstools/css-syntax-patches-for-csstree': [ '1.0.20' ],
13 silly audit   '@csstools/css-tokenizer': [ '3.0.4' ],
13 silly audit   '@dabh/diagnostics': [ '2.0.8' ],
13 silly audit   '@electric-sql/pglite': [ '0.3.14', '0.2.17' ],
13 silly audit   '@electric-sql/pglite-tools': [ '0.2.19' ],
13 silly audit   '@esbuild/aix-ppc64': [ '0.25.0' ],
13 silly audit   '@esbuild/android-arm': [ '0.25.0' ],
13 silly audit   '@esbuild/android-arm64': [ '0.25.0' ],
13 silly audit   '@esbuild/android-x64': [ '0.25.0' ],
13 silly audit   '@esbuild/darwin-arm64': [ '0.25.0' ],
13 silly audit   '@esbuild/darwin-x64': [ '0.25.0' ],
13 silly audit   '@esbuild/freebsd-arm64': [ '0.25.0' ],
13 silly audit   '@esbuild/freebsd-x64': [ '0.25.0' ],
13 silly audit   '@esbuild/linux-arm': [ '0.25.0' ],
13 silly audit   '@esbuild/linux-arm64': [ '0.25.0' ],
13 silly audit   '@esbuild/linux-ia32': [ '0.25.0' ],
13 silly audit   '@esbuild/linux-loong64': [ '0.25.0' ],
13 silly audit   '@esbuild/linux-mips64el': [ '0.25.0' ],
13 silly audit   '@esbuild/linux-ppc64': [ '0.25.0' ],
13 silly audit   '@esbuild/linux-riscv64': [ '0.25.0' ],
13 silly audit   '@esbuild/linux-s390x': [ '0.25.0' ],
13 silly audit   '@esbuild/linux-x64': [ '0.25.0' ],
13 silly audit   '@esbuild/netbsd-arm64': [ '0.25.0' ],
13 silly audit   '@esbuild/netbsd-x64': [ '0.25.0' ],
13 silly audit   '@esbuild/openbsd-arm64': [ '0.25.0' ],
13 silly audit   '@esbuild/openbsd-x64': [ '0.25.0' ],
13 silly audit   '@esbuild/sunos-x64': [ '0.25.0' ],
13 silly audit   '@esbuild/win32-arm64': [ '0.25.0' ],
13 silly audit   '@esbuild/win32-ia32': [ '0.25.0' ],
13 silly audit   '@esbuild/win32-x64': [ '0.25.0' ],
13 silly audit   '@eslint-community/eslint-utils': [ '4.9.0' ],
13 silly audit   'eslint-visitor-keys': [ '3.4.3', '4.2.1' ],
13 silly audit   '@eslint-community/regexpp': [ '4.12.2' ],
13 silly audit   '@eslint/config-array': [ '0.21.1' ],
13 silly audit   '@eslint/config-helpers': [ '0.4.2' ],
13 silly audit   '@eslint/core': [ '0.17.0' ],
13 silly audit   '@eslint/eslintrc': [ '3.3.3' ],
13 silly audit   '@eslint/js': [ '9.39.1' ],
13 silly audit   '@eslint/object-schema': [ '2.1.7' ],
13 silly audit   '@eslint/plugin-kit': [ '0.4.1' ],
13 silly audit   '@firebase/ai': [ '2.6.0' ],
13 silly audit   '@firebase/analytics': [ '0.10.19' ],
13 silly audit   '@firebase/analytics-compat': [ '0.2.25' ],
13 silly audit   '@firebase/analytics-types': [ '0.8.3' ],
13 silly audit   '@firebase/app': [ '0.14.6' ],
13 silly audit   '@firebase/app-check': [ '0.11.0' ],
13 silly audit   '@firebase/app-check-compat': [ '0.4.0' ],
13 silly audit   '@firebase/app-check-interop-types': [ '0.3.3' ],
13 silly audit   '@firebase/app-check-types': [ '0.5.3' ],
13 silly audit   '@firebase/app-compat': [ '0.5.6' ],
13 silly audit   '@firebase/app-types': [ '0.9.3' ],
13 silly audit   '@firebase/auth': [ '1.11.1' ],
13 silly audit   '@firebase/auth-compat': [ '0.6.1' ],
13 silly audit   '@firebase/auth-interop-types': [ '0.2.4' ],
13 silly audit   '@firebase/auth-types': [ '0.13.0' ],
13 silly audit   '@firebase/component': [ '0.7.0' ],
13 silly audit   '@firebase/data-connect': [ '0.3.12' ],
13 silly audit   '@firebase/database': [ '1.1.0' ],
13 silly audit   '@firebase/database-compat': [ '2.1.0' ],
13 silly audit   '@firebase/database-types': [ '1.0.16' ],
13 silly audit   '@firebase/firestore': [ '4.9.2' ],
13 silly audit   '@firebase/firestore-compat': [ '0.4.2' ],
13 silly audit   '@firebase/firestore-types': [ '3.0.3' ],
13 silly audit   '@firebase/functions': [ '0.13.1' ],
13 silly audit   '@firebase/functions-compat': [ '0.4.1' ],
13 silly audit   '@firebase/functions-types': [ '0.6.3' ],
13 silly audit   '@firebase/installations': [ '0.6.19' ],
13 silly audit   '@firebase/installations-compat': [ '0.2.19' ],
13 silly audit   '@firebase/installations-types': [ '0.5.3' ],
13 silly audit   '@firebase/logger': [ '0.5.0' ],
13 silly audit   '@firebase/messaging': [ '0.12.23' ],
13 silly audit   '@firebase/messaging-compat': [ '0.2.23' ],
13 silly audit   '@firebase/messaging-interop-types': [ '0.2.3' ],
13 silly audit   '@firebase/performance': [ '0.7.9' ],
13 silly audit   '@firebase/performance-compat': [ '0.2.22' ],
13 silly audit   '@firebase/performance-types': [ '0.2.3' ],
13 silly audit   '@firebase/remote-config': [ '0.7.0' ],
13 silly audit   '@firebase/remote-config-compat': [ '0.2.20' ],
13 silly audit   '@firebase/remote-config-types': [ '0.5.0' ],
13 silly audit   '@firebase/storage': [ '0.14.0' ],
13 silly audit   '@firebase/storage-compat': [ '0.4.0' ],
13 silly audit   '@firebase/storage-types': [ '0.8.3' ],
13 silly audit   '@firebase/util': [ '1.13.0' ],
13 silly audit   '@firebase/webchannel-wrapper': [ '1.0.5' ],
13 silly audit   '@google-cloud/cloud-sql-connector': [ '1.8.4' ],
13 silly audit   'data-uri-to-buffer': [ '4.0.1', '6.0.2' ],
13 silly audit   gaxios: [ '7.1.3', '6.7.1' ],
13 silly audit   'gcp-metadata': [ '8.1.2', '6.1.1' ],
13 silly audit   'google-auth-library': [ '10.5.0', '9.15.1' ],
13 silly audit   'google-logging-utils': [ '1.1.3', '0.0.2' ],
13 silly audit   gtoken: [ '8.0.0', '7.1.0' ],
13 silly audit   'node-fetch': [ '3.3.2', '2.6.13' ],
13 silly audit   '@google-cloud/paginator': [ '6.0.0' ],
13 silly audit   '@google-cloud/precise-date': [ '5.0.0' ],
13 silly audit   '@google-cloud/projectify': [ '5.0.0' ],
13 silly audit   '@google-cloud/promisify': [ '5.0.0' ],
13 silly audit   '@google-cloud/pubsub': [ '5.2.0' ],
13 silly audit   '@googleapis/sqladmin': [ '31.1.0' ],
13 silly audit   '@grpc/grpc-js': [ '1.9.15', '1.14.2' ],
13 silly audit   '@grpc/proto-loader': [ '0.7.15', '0.8.0' ],
13 silly audit   cliui: [ '8.0.1', '7.0.4' ],
13 silly audit   long: [ '5.3.2', '4.0.0' ],
13 silly audit   'wrap-ansi': [ '7.0.0', '8.1.0', '6.2.0' ],
13 silly audit   yargs: [ '17.7.2', '16.2.0' ],
13 silly audit   'yargs-parser': [ '21.1.1', '20.2.9' ],
13 silly audit   '@humanfs/core': [ '0.19.1' ],
13 silly audit   '@humanfs/node': [ '0.16.7' ],
13 silly audit   '@humanwhocodes/module-importer': [ '1.0.1' ],
13 silly audit   '@humanwhocodes/retry': [ '0.4.3' ],
13 silly audit   '@inquirer/ansi': [ '1.0.2' ],
13 silly audit   '@inquirer/checkbox': [ '4.3.2' ],
13 silly audit   '@inquirer/confirm': [ '5.1.21' ],
13 silly audit   '@inquirer/core': [ '10.3.2' ],
13 silly audit   '@inquirer/editor': [ '4.2.23' ],
13 silly audit   '@inquirer/expand': [ '4.0.23' ],
13 silly audit   '@inquirer/external-editor': [ '1.0.3' ],
13 silly audit   'iconv-lite': [ '0.7.0', '0.6.3', '0.4.24' ],
13 silly audit   '@inquirer/figures': [ '1.0.15' ],
13 silly audit   '@inquirer/input': [ '4.3.1' ],
13 silly audit   '@inquirer/number': [ '3.0.23' ],
13 silly audit   '@inquirer/password': [ '4.0.23' ],
13 silly audit   '@inquirer/prompts': [ '7.10.1' ],
13 silly audit   '@inquirer/rawlist': [ '4.1.11' ],
13 silly audit   '@inquirer/search': [ '3.2.2' ],
13 silly audit   '@inquirer/select': [ '4.4.2' ],
13 silly audit   '@inquirer/type': [ '3.0.10' ],
13 silly audit   '@isaacs/cliui': [ '8.0.2' ],
13 silly audit   'ansi-styles': [ '6.2.3', '4.3.0', '5.2.0' ],
13 silly audit   'emoji-regex': [ '9.2.2', '8.0.0' ],
13 silly audit   'string-width': [ '5.1.2', '4.2.3' ],
13 silly audit   'strip-ansi': [ '7.1.2', '6.0.1' ],
13 silly audit   '@isaacs/fs-minipass': [ '4.0.1' ],
13 silly audit   '@istanbuljs/schema': [ '0.1.3' ],
13 silly audit   '@jest/schemas': [ '29.6.3' ],
13 silly audit   '@jridgewell/gen-mapping': [ '0.3.13' ],
13 silly audit   '@jridgewell/resolve-uri': [ '3.1.2' ],
13 silly audit   '@jridgewell/source-map': [ '0.3.11' ],
13 silly audit   '@jridgewell/sourcemap-codec': [ '1.5.5' ],
13 silly audit   '@js-sdsl/ordered-map': [ '4.4.2' ],
13 silly audit   '@jsdevtools/ono': [ '7.1.3' ],
13 silly audit   '@mediapipe/pose': [ '0.5.1675469404' ],
13 silly audit   '@modelcontextprotocol/sdk': [ '1.24.3' ],
13 silly audit   accepts: [ '2.0.0', '1.3.8' ],
13 silly audit   ajv: [ '8.17.1', '6.12.6' ],
13 silly audit   'body-parser': [ '2.2.1', '1.20.4' ],
13 silly audit   'content-disposition': [ '1.0.1', '0.5.4' ],
13 silly audit   'cookie-signature': [ '1.2.2', '1.0.7' ],
13 silly audit   express: [ '5.2.1', '4.22.1' ],
13 silly audit   finalhandler: [ '2.1.1', '1.1.2', '1.3.2' ],
13 silly audit   fresh: [ '2.0.0', '0.5.2' ],
13 silly audit   'json-schema-traverse': [ '1.0.0', '0.4.1' ],
13 silly audit   'media-typer': [ '1.1.0', '0.3.0' ],
13 silly audit   'merge-descriptors': [ '2.0.0', '1.0.3' ],
13 silly audit   'mime-db': [ '1.54.0', '1.52.0' ],
13 silly audit   'mime-types': [ '3.0.2', '2.1.35' ],
13 silly audit   negotiator: [ '1.0.0', '0.6.4', '0.6.3' ],
13 silly audit   'raw-body': [ '3.0.2', '2.5.3' ],
13 silly audit   send: [ '1.2.0', '0.19.1', '0.19.0' ],
13 silly audit   'serve-static': [ '2.2.0', '1.16.2' ],
13 silly audit   'type-is': [ '2.0.1', '1.6.18' ],
13 silly audit   zod: [ '4.1.13', '3.25.76', '3.23.8' ],
13 silly audit   'zod-to-json-schema': [ '3.25.0' ],
13 silly audit   '@npmcli/agent': [ '3.0.0' ],
13 silly audit   'lru-cache': [ '10.4.3', '11.2.4', '7.18.3' ],
13 silly audit   '@npmcli/fs': [ '4.0.0' ],
13 silly audit   '@npmcli/promise-spawn': [ '3.0.0' ],
13 silly audit   '@opentelemetry/api': [ '1.9.0' ],
13 silly audit   '@opentelemetry/core': [ '1.30.1' ],
13 silly audit   '@opentelemetry/semantic-conventions': [ '1.28.0', '1.34.0' ],
13 silly audit   '@pkgjs/parseargs': [ '0.11.0' ],
13 silly audit   '@pnpm/config.env-replace': [ '1.1.0' ],
13 silly audit   '@pnpm/network.ca-file': [ '1.0.2' ],
13 silly audit   'graceful-fs': [ '4.2.10', '4.2.11' ],
13 silly audit   '@pnpm/npm-conf': [ '2.3.1' ],
13 silly audit   '@protobufjs/aspromise': [ '1.1.2' ],
13 silly audit   '@protobufjs/base64': [ '1.1.2' ],
13 silly audit   '@protobufjs/codegen': [ '2.0.4' ],
13 silly audit   '@protobufjs/eventemitter': [ '1.1.0' ],
13 silly audit   '@protobufjs/fetch': [ '1.1.0' ],
13 silly audit   '@protobufjs/float': [ '1.0.2' ],
13 silly audit   '@protobufjs/inquire': [ '1.1.0' ],
13 silly audit   '@protobufjs/path': [ '1.1.2' ],
13 silly audit   '@protobufjs/pool': [ '1.1.0' ],
13 silly audit   '@protobufjs/utf8': [ '1.1.0' ],
13 silly audit   '@puppeteer/browsers': [ '2.6.1' ],
13 silly audit   '@rollup/rollup-android-arm-eabi': [ '4.53.3' ],
13 silly audit   '@rollup/rollup-android-arm64': [ '4.53.3' ],
13 silly audit   '@rollup/rollup-darwin-arm64': [ '4.53.3' ],
13 silly audit   '@rollup/rollup-darwin-x64': [ '4.53.3' ],
13 silly audit   '@rollup/rollup-freebsd-arm64': [ '4.53.3' ],
13 silly audit   '@rollup/rollup-freebsd-x64': [ '4.53.3' ],
13 silly audit   '@rollup/rollup-linux-arm-gnueabihf': [ '4.53.3' ],
13 silly audit   '@rollup/rollup-linux-arm-musleabihf': [ '4.53.3' ],
13 silly audit   '@rollup/rollup-linux-arm64-gnu': [ '4.53.3' ],
13 silly audit   '@rollup/rollup-linux-arm64-musl': [ '4.53.3' ],
13 silly audit   '@rollup/rollup-linux-loong64-gnu': [ '4.53.3' ],
13 silly audit   '@rollup/rollup-linux-ppc64-gnu': [ '4.53.3' ],
13 silly audit   '@rollup/rollup-linux-riscv64-gnu': [ '4.53.3' ],
13 silly audit   '@rollup/rollup-linux-riscv64-musl': [ '4.53.3' ],
13 silly audit   '@rollup/rollup-linux-s390x-gnu': [ '4.53.3' ],
13 silly audit   '@rollup/rollup-linux-x64-gnu': [ '4.53.3' ],
13 silly audit   '@rollup/rollup-linux-x64-musl': [ '4.53.3' ],
13 silly audit   '@rollup/rollup-openharmony-arm64': [ '4.53.3' ],
13 silly audit   '@rollup/rollup-win32-arm64-msvc': [ '4.53.3' ],
13 silly audit   '@rollup/rollup-win32-ia32-msvc': [ '4.53.3' ],
13 silly audit   '@rollup/rollup-win32-x64-gnu': [ '4.53.3' ],
13 silly audit   '@rollup/rollup-win32-x64-msvc': [ '4.53.3' ],
13 silly audit   '@sinclair/typebox': [ '0.27.8' ],
13 silly audit   '@sindresorhus/is': [ '4.6.0' ],
13 silly audit   '@so-ric/colorspace': [ '1.1.6' ],
13 silly audit   '@stripe/stripe-js': [ '4.10.0' ],
13 silly audit   '@tensorflow/tfjs': [ '4.22.0' ],
13 silly audit   '@tensorflow/tfjs-backend-cpu': [ '4.22.0' ],
13 silly audit   '@tensorflow/tfjs-backend-webgl': [ '4.22.0' ],
13 silly audit   '@tensorflow/tfjs-converter': [ '4.22.0' ],
13 silly audit   '@tensorflow/tfjs-core': [ '4.22.0' ],
13 silly audit   '@types/offscreencanvas': [ '2019.7.3', '2019.3.0' ],
13 silly audit   '@tensorflow/tfjs-data': [ '4.22.0' ],
13 silly audit   '@tensorflow/tfjs-layers': [ '4.22.0' ],
13 silly audit   '@tootallnate/once': [ '2.0.0' ],
13 silly audit   '@tootallnate/quickjs-emscripten': [ '0.23.0' ],
13 silly audit   '@tsconfig/node10': [ '1.0.12' ],
13 silly audit   '@tsconfig/node12': [ '1.0.11' ],
13 silly audit   '@tsconfig/node14': [ '1.0.3' ],
13 silly audit   '@tsconfig/node16': [ '1.0.4' ],
13 silly audit   '@types/estree': [ '1.0.8' ],
13 silly audit   '@types/json-schema': [ '7.0.15' ],
13 silly audit   '@types/long': [ '4.0.2' ],
13 silly audit   '@types/node': [ '24.10.1' ],
13 silly audit   '@types/node-fetch': [ '2.6.13' ],
13 silly audit   '@types/seedrandom': [ '2.4.34' ],
13 silly audit   '@types/triple-beam': [ '1.3.5' ],
13 silly audit   '@types/yauzl': [ '2.10.3' ],
13 silly audit   '@vitest/coverage-v8': [ '1.6.1' ],
13 silly audit   'istanbul-lib-source-maps': [ '5.0.6' ],
13 silly audit   '@vitest/expect': [ '1.6.1' ],
13 silly audit   '@vitest/runner': [ '1.6.1' ],
13 silly audit   'p-limit': [ '5.0.0', '3.1.0' ],
13 silly audit   'yocto-queue': [ '1.2.2', '0.1.0' ],
13 silly audit   '@vitest/snapshot': [ '1.6.1' ],
13 silly audit   '@vitest/spy': [ '1.6.1' ],
13 silly audit   '@vitest/utils': [ '1.6.1' ],
13 silly audit   '@webgpu/types': [ '0.1.38' ],
13 silly audit   abbrev: [ '3.0.1' ],
13 silly audit   'abort-controller': [ '3.0.0' ],
13 silly audit   acorn: [ '8.15.0' ],
13 silly audit   'acorn-jsx': [ '5.3.2' ],
13 silly audit   'acorn-walk': [ '8.3.4' ],
13 silly audit   'agent-base': [ '7.1.4', '6.0.2' ],
13 silly audit   'ajv-formats': [ '3.0.1', '2.1.1' ],
13 silly audit   'ansi-align': [ '3.0.1' ],
13 silly audit   'ansi-regex': [ '6.2.2', '5.0.1' ],
13 silly audit   'any-promise': [ '1.3.0' ],
13 silly audit   anymatch: [ '3.1.3' ],
13 silly audit   archiver: [ '7.0.1' ],
13 silly audit   'archiver-utils': [ '5.0.2' ],
13 silly audit   arg: [ '4.1.3' ],
13 silly audit   argparse: [ '1.0.10', '2.0.1' ],
13 silly audit   'array-flatten': [ '1.1.1' ],
13 silly audit   arrify: [ '2.0.1' ],
13 silly audit   'as-array': [ '2.0.0' ],
13 silly audit   'assertion-error': [ '1.1.0' ],
13 silly audit   'ast-types': [ '0.13.4' ],
13 silly audit   async: [ '3.2.6' ],
13 silly audit   'async-lock': [ '1.4.1' ],
13 silly audit   asynckit: [ '0.4.0' ],
13 silly audit   'axe-core': [ '4.11.0' ],
13 silly audit   b4a: [ '1.7.3' ],
13 silly audit   'balanced-match': [ '1.0.2' ],
13 silly audit   'bare-events': [ '2.8.2' ],
13 silly audit   'bare-fs': [ '4.5.2' ],
13 silly audit   'bare-os': [ '3.6.2' ],
13 silly audit   'bare-path': [ '3.0.0' ],
13 silly audit   'bare-stream': [ '2.7.0' ],
13 silly audit   'bare-url': [ '2.3.2' ],
13 silly audit   'base64-js': [ '1.5.1' ],
13 silly audit   'basic-auth': [ '2.0.1' ],
13 silly audit   'basic-auth-connect': [ '1.1.0' ],
13 silly audit   'safe-buffer': [ '5.1.2', '5.2.1' ],
13 silly audit   'basic-ftp': [ '5.0.5' ],
13 silly audit   'bidi-js': [ '1.0.3' ],
13 silly audit   'bignumber.js': [ '9.3.1' ],
13 silly audit   'binary-extensions': [ '2.3.0' ],
13 silly audit   bl: [ '4.1.0' ],
13 silly audit   'readable-stream': [ '3.6.2', '2.3.8', '4.7.0' ],
13 silly audit   debug: [ '2.6.9', '4.4.3', '4.3.1' ],
13 silly audit   ms: [ '2.0.0', '2.1.3', '2.1.2' ],
13 silly audit   boxen: [ '5.1.2' ],
13 silly audit   'brace-expansion': [ '1.1.12', '2.0.2' ],
13 silly audit   braces: [ '3.0.3' ],
13 silly audit   buffer: [ '5.7.1', '6.0.3' ],
13 silly audit   'buffer-crc32': [ '1.0.0', '0.2.13' ],
13 silly audit   'buffer-equal-constant-time': [ '1.0.1' ],
13 silly audit   'buffer-from': [ '1.1.2' ],
13 silly audit   bytes: [ '3.1.2' ],
13 silly audit   cac: [ '6.7.14' ],
13 silly audit   cacache: [ '19.0.1' ],
13 silly audit   chownr: [ '3.0.0', '2.0.0' ],
13 silly audit   tar: [ '7.5.2', '6.2.1' ],
13 silly audit   'call-bind-apply-helpers': [ '1.0.2' ],
13 silly audit   'call-bound': [ '1.0.4' ],
13 silly audit   'call-me-maybe': [ '1.0.2' ],
13 silly audit   callsites: [ '3.1.0' ],
13 silly audit   camelcase: [ '6.3.0' ],
13 silly audit   chai: [ '4.5.0' ],
13 silly audit   'type-detect': [ '4.1.0', '4.0.8' ],
13 silly audit   chalk: [ '4.1.2', '5.6.2' ],
13 silly audit   'char-regex': [ '1.0.2' ],
13 silly audit   chardet: [ '2.1.1' ],
13 silly audit   'check-error': [ '1.0.3' ],
13 silly audit   chokidar: [ '3.6.0' ],
13 silly audit   'glob-parent': [ '5.1.2', '6.0.2' ],
13 silly audit   'chromium-bidi': [ '0.11.0' ],
13 silly audit   'ci-info': [ '2.0.0' ],
13 silly audit   cjson: [ '0.3.3' ],
13 silly audit   'cli-boxes': [ '2.2.1' ],
13 silly audit   'cli-cursor': [ '3.1.0' ],
13 silly audit   'cli-highlight': [ '2.1.11' ],
13 silly audit   parse5: [ '5.1.1', '8.0.0', '6.0.1' ],
13 silly audit   'cli-spinners': [ '2.9.2' ],
13 silly audit   'cli-table3': [ '0.6.5' ],
13 silly audit   'cli-width': [ '4.1.0' ],
13 silly audit   clone: [ '1.0.4' ],
13 silly audit   color: [ '5.0.3' ],
13 silly audit   'color-convert': [ '2.0.1', '3.1.3' ],
13 silly audit   'color-name': [ '1.1.4', '2.1.0' ],
13 silly audit   'color-string': [ '2.1.4' ],
13 silly audit   colorette: [ '2.0.20' ],
13 silly audit   'combined-stream': [ '1.0.8' ],
13 silly audit   'compress-commons': [ '6.0.2' ],
13 silly audit   compressible: [ '2.0.18' ],
13 silly audit   compression: [ '1.8.1' ],
13 silly audit   'concat-map': [ '0.0.1' ],
13 silly audit   confbox: [ '0.1.8' ],
13 silly audit   'config-chain': [ '1.1.13' ],
13 silly audit   ini: [ '1.3.8', '2.0.0' ],
13 silly audit   configstore: [ '5.0.1' ],
13 silly audit   connect: [ '3.7.0' ],
13 silly audit   encodeurl: [ '1.0.2', '2.0.0' ],
13 silly audit   'on-finished': [ '2.3.0', '2.4.1' ],
13 silly audit   statuses: [ '1.5.0', '2.0.1', '2.0.2' ],
13 silly audit   'content-type': [ '1.0.5' ],
13 silly audit   cookie: [ '0.7.2' ],
13 silly audit   'core-js': [ '3.29.1' ],
13 silly audit   'core-util-is': [ '1.0.3' ],
13 silly audit   cors: [ '2.8.5' ],
13 silly audit   cosmiconfig: [ '9.0.0' ],
13 silly audit   'crc-32': [ '1.2.2' ],
13 silly audit   'crc32-stream': [ '6.0.0' ],
13 silly audit   'create-require': [ '1.1.1' ],
13 silly audit   'cross-env': [ '7.0.3' ],
13 silly audit   'cross-spawn': [ '7.0.6' ],
13 silly audit   'crypto-random-string': [ '2.0.0' ],
13 silly audit   'css-tree': [ '3.1.0' ],
13 silly audit   cssstyle: [ '5.3.3' ],
13 silly audit   'csv-parse': [ '5.6.0' ],
13 silly audit   'data-urls': [ '6.0.0' ],
13 silly audit   'decimal.js': [ '10.6.0' ],
13 silly audit   'deep-eql': [ '4.1.4' ],
13 silly audit   'deep-equal-in-any-order': [ '2.1.0' ],
13 silly audit   'deep-extend': [ '0.6.0' ],
13 silly audit   'deep-freeze': [ '0.0.1' ],
13 silly audit   'deep-is': [ '0.1.4' ],
13 silly audit   defaults: [ '1.0.4' ],
13 silly audit   degenerator: [ '5.0.1' ],
13 silly audit   'delayed-stream': [ '1.0.0' ],
13 silly audit   depd: [ '2.0.0' ],
13 silly audit   destroy: [ '1.2.0' ],
13 silly audit   'devtools-protocol': [ '0.0.1367902' ],
13 silly audit   diff: [ '4.0.2' ],
13 silly audit   'diff-sequences': [ '29.6.3' ],
13 silly audit   'discontinuous-range': [ '1.0.0' ],
13 silly audit   'dot-prop': [ '5.3.0' ],
13 silly audit   'dunder-proto': [ '1.0.1' ],
13 silly audit   duplexify: [ '4.1.3' ],
13 silly audit   eastasianwidth: [ '0.2.0' ],
13 silly audit   'ecdsa-sig-formatter': [ '1.0.11' ],
13 silly audit   'ee-first': [ '1.1.1' ],
13 silly audit   emojilib: [ '2.4.0' ],
13 silly audit   enabled: [ '2.0.0' ],
13 silly audit   encoding: [ '0.1.13' ],
13 silly audit   'end-of-stream': [ '1.4.5' ],
13 silly audit   entities: [ '6.0.1' ],
13 silly audit   'env-paths': [ '2.2.1' ],
13 silly audit   environment: [ '1.1.0' ],
13 silly audit   'err-code': [ '2.0.3' ],
13 silly audit   'error-ex': [ '1.3.4' ],
13 silly audit   'es-define-property': [ '1.0.1' ],
13 silly audit   'es-errors': [ '1.3.0' ],
13 silly audit   'es-object-atoms': [ '1.1.1' ],
13 silly audit   'es-set-tostringtag': [ '2.1.0' ],
13 silly audit   esbuild: [ '0.25.0' ],
13 silly audit   escalade: [ '3.2.0' ],
13 silly audit   'escape-goat': [ '2.1.1' ],
13 silly audit   'escape-html': [ '1.0.3' ],
13 silly audit   'escape-string-regexp': [ '4.0.0' ],
13 silly audit   escodegen: [ '2.1.0' ],
13 silly audit   eslint: [ '9.39.1' ],
13 silly audit   'eslint-scope': [ '8.4.0' ],
13 silly audit   espree: [ '10.4.0' ],
13 silly audit   esprima: [ '4.0.1' ],
13 silly audit   esquery: [ '1.6.0' ],
13 silly audit   esrecurse: [ '4.3.0' ],
13 silly audit   estraverse: [ '5.3.0' ],
13 silly audit   'estree-walker': [ '3.0.3' ],
13 silly audit   esutils: [ '2.0.3' ],
13 silly audit   etag: [ '1.8.1' ],
13 silly audit   'event-target-shim': [ '5.0.1' ],
13 silly audit   events: [ '3.3.0' ],
13 silly audit   'events-listener': [ '1.1.0' ],
13 silly audit   'events-universal': [ '1.0.1' ],
13 silly audit   eventsource: [ '3.0.7' ],
13 silly audit   'eventsource-parser': [ '3.0.6' ],
13 silly audit   exegesis: [ '4.3.0' ],
13 silly audit   'exegesis-express': [ '4.0.0' ],
13 silly audit   'exponential-backoff': [ '3.1.3' ],
13 silly audit   'express-rate-limit': [ '7.5.1' ],
13 silly audit   extend: [ '3.0.2' ],
13 silly audit   'extract-zip': [ '2.0.1' ],
13 silly audit   'get-stream': [ '5.2.0', '8.0.1' ],
13 silly audit   'fast-deep-equal': [ '3.1.3' ],
13 silly audit   'fast-fifo': [ '1.3.2' ],
13 silly audit   'fast-json-stable-stringify': [ '2.1.0' ],
13 silly audit   'fast-levenshtein': [ '2.0.6' ],
13 silly audit   'fast-uri': [ '3.1.0' ],
13 silly audit   'faye-websocket': [ '0.11.4' ],
13 silly audit   'fd-slicer': [ '1.1.0' ],
13 silly audit   fecha: [ '4.2.3' ],
13 silly audit   'fetch-blob': [ '3.2.0' ],
13 silly audit   'file-entry-cache': [ '8.0.0' ],
13 silly audit   filesize: [ '6.4.0' ],
13 silly audit   'fill-range': [ '7.1.1' ],
13 silly audit   'find-up': [ '5.0.0' ],
13 silly audit   firebase: [ '12.6.0' ],
13 silly audit   'firebase-tools': [ '14.27.0' ],
13 silly audit   ignore: [ '7.0.5', '5.3.2' ],
13 silly audit   'js-yaml': [ '3.14.2', '4.1.1' ],
13 silly audit   'flat-cache': [ '4.0.1' ],
13 silly audit   flatted: [ '3.3.3' ],
13 silly audit   'fn.name': [ '1.1.0' ],
13 silly audit   'foreground-child': [ '3.3.1' ],
13 silly audit   'form-data': [ '4.0.5' ],
13 silly audit   'formdata-polyfill': [ '4.0.10' ],
13 silly audit   forwarded: [ '0.2.0' ],
13 silly audit   'fs-extra': [ '10.1.0' ],
13 silly audit   'fs-minipass': [ '3.0.3', '2.1.0' ],
13 silly audit   'fs.realpath': [ '1.0.0' ],
13 silly audit   fsevents: [ '2.3.3' ],
13 silly audit   'function-bind': [ '1.1.2' ],
13 silly audit   fuzzy: [ '0.1.3' ],
13 silly audit   uuid: [ '9.0.1', '8.3.2' ],
13 silly audit   'get-caller-file': [ '2.0.5' ],
13 silly audit   'get-func-name': [ '2.0.2' ],
13 silly audit   'get-intrinsic': [ '1.3.0' ],
13 silly audit   'get-proto': [ '1.0.1' ],
13 silly audit   'get-uri': [ '6.0.5' ],
13 silly audit   glob: [ '10.5.0', '7.2.3' ],
13 silly audit   'glob-slash': [ '1.0.0' ],
13 silly audit   'glob-slasher': [ '1.0.1' ],
13 silly audit   minimatch: [ '9.0.5', '3.1.2', '5.1.6', '6.2.0' ],
13 silly audit   'global-dirs': [ '3.0.1' ],
13 silly audit   globals: [ '14.0.0' ],
13 silly audit   'google-gax': [ '5.0.6' ],
13 silly audit   'googleapis-common': [ '8.0.2-rc.0' ],
13 silly audit   gopd: [ '1.2.0' ],
13 silly audit   'has-flag': [ '4.0.0' ],
13 silly audit   'has-symbols': [ '1.1.0' ],
13 silly audit   'has-tostringtag': [ '1.0.2' ],
13 silly audit   'has-yarn': [ '2.1.0' ],
13 silly audit   hasown: [ '2.0.2' ],
13 silly audit   'heap-js': [ '2.7.1' ],
13 silly audit   'highlight.js': [ '10.7.3' ],
13 silly audit   'hosted-git-info': [ '7.0.2' ],
13 silly audit   'html-encoding-sniffer': [ '4.0.0' ],
13 silly audit   'html-escaper': [ '2.0.2' ],
13 silly audit   'http-cache-semantics': [ '4.2.0' ],
13 silly audit   'http-errors': [ '2.0.1', '2.0.0' ],
13 silly audit   'http-parser-js': [ '0.5.10' ],
13 silly audit   'http-proxy-agent': [ '7.0.2', '5.0.0' ],
13 silly audit   'https-proxy-agent': [ '7.0.6', '5.0.1' ],
13 silly audit   idb: [ '7.1.1' ],
13 silly audit   ieee754: [ '1.2.1' ],
13 silly audit   'import-fresh': [ '3.3.1' ],
13 silly audit   'import-lazy': [ '2.1.0' ],
13 silly audit   imurmurhash: [ '0.1.4' ],
13 silly audit   'infer-owner': [ '1.0.4' ],
13 silly audit   inflight: [ '1.0.6' ],
13 silly audit   inherits: [ '2.0.4' ],
13 silly audit   'install-artifact-from-github': [ '1.4.0' ],
13 silly audit   'ip-address': [ '10.1.0' ],
13 silly audit   'ip-regex': [ '4.3.0' ],
13 silly audit   'ipaddr.js': [ '1.9.1' ],
13 silly audit   'is-arrayish': [ '0.2.1' ],
13 silly audit   'is-binary-path': [ '2.1.0' ],
13 silly audit   'is-buffer': [ '1.1.6' ],
13 silly audit   'is-ci': [ '2.0.0' ],
13 silly audit   'is-extglob': [ '2.1.1' ],
13 silly audit   'is-fullwidth-code-point': [ '3.0.0' ],
13 silly audit   'is-glob': [ '4.0.3' ],
13 silly audit   'is-installed-globally': [ '0.4.0' ],
13 silly audit   'is-interactive': [ '1.0.0' ],
13 silly audit   'is-npm': [ '5.0.0' ],
13 silly audit   'is-number': [ '2.1.0', '7.0.0' ],
13 silly audit   'is-obj': [ '2.0.0' ],
13 silly audit   'is-path-inside': [ '3.0.3' ],
13 silly audit   'is-potential-custom-element-name': [ '1.0.1' ],
13 silly audit   'is-promise': [ '4.0.0' ],
13 silly audit   'is-stream': [ '2.0.1', '3.0.0' ],
13 silly audit   'is-stream-ended': [ '0.1.4' ],
13 silly audit   'is-typedarray': [ '1.0.0' ],
13 silly audit   'is-unicode-supported': [ '0.1.0' ],
13 silly audit   'is-url': [ '1.2.4' ],
13 silly audit   'is-wsl': [ '1.1.0' ],
13 silly audit   'is-yarn-global': [ '0.3.0' ],
13 silly audit   is2: [ '2.0.9' ],
13 silly audit   isarray: [ '1.0.0', '0.0.1' ],
13 silly audit   isexe: [ '2.0.0', '3.1.1' ],
13 silly audit   'isomorphic-fetch': [ '3.0.0' ],
13 silly audit   'istanbul-lib-coverage': [ '3.2.2' ],
13 silly audit   'istanbul-lib-report': [ '3.0.1' ],
13 silly audit   'make-dir': [ '4.0.0', '3.1.0' ],
13 silly audit   'istanbul-reports': [ '3.2.0' ],
13 silly audit   jackspeak: [ '3.4.3' ],
13 silly audit   jju: [ '1.4.0' ],
13 silly audit   'join-path': [ '1.1.1' ],
13 silly audit   jose: [ '6.1.3' ],
13 silly audit   'js-tokens': [ '4.0.0', '9.0.1' ],
13 silly audit   jsdom: [ '27.2.0' ],
13 silly audit   ws: [ '8.18.3', '7.5.10' ],
13 silly audit   'json-bigint': [ '1.0.0' ],
13 silly audit   'json-buffer': [ '3.0.1' ],
13 silly audit   'json-parse-even-better-errors': [ '2.3.1' ],
13 silly audit   'json-parse-helpfulerror': [ '1.0.3' ],
13 silly audit   'json-ptr': [ '3.1.1' ],
13 silly audit   'json-stable-stringify-without-jsonify': [ '1.0.1' ],
13 silly audit   jsonfile: [ '6.2.0' ],
13 silly audit   jsonwebtoken: [ '9.0.2' ],
13 silly audit   jwa: [ '2.0.1' ],
13 silly audit   jws: [ '4.0.1' ],
13 silly audit   keyv: [ '4.5.4' ],
13 silly audit   'kind-of': [ '3.2.2' ],
13 silly audit   kuler: [ '2.0.0' ],
13 silly audit   lazystream: [ '1.0.1' ],
13 silly audit   string_decoder: [ '1.1.1', '1.3.0' ],
13 silly audit   leven: [ '3.1.0' ],
13 silly audit   levn: [ '0.4.1' ],
13 silly audit   libsodium: [ '0.7.15' ],
13 silly audit   'libsodium-wrappers': [ '0.7.15' ],
13 silly audit   'lines-and-columns': [ '1.2.4' ],
13 silly audit   'local-pkg': [ '0.5.1' ],
13 silly audit   'locate-path': [ '6.0.0' ],
13 silly audit   lodash: [ '4.17.21' ],
13 silly audit   'lodash._objecttypes': [ '2.4.1' ],
13 silly audit   'lodash.camelcase': [ '4.3.0' ],
13 silly audit   'lodash.includes': [ '4.3.0' ],
13 silly audit   'lodash.isboolean': [ '3.0.3' ],
13 silly audit   'lodash.isinteger': [ '4.0.4' ],
13 silly audit   'lodash.isnumber': [ '3.0.3' ],
13 silly audit   'lodash.isobject': [ '2.4.1' ],
13 silly audit   'lodash.isplainobject': [ '4.0.6' ],
13 silly audit   'lodash.isstring': [ '4.0.1' ],
13 silly audit   'lodash.mapvalues': [ '4.6.0' ],
13 silly audit   'lodash.merge': [ '4.6.2' ],
13 silly audit   'lodash.once': [ '4.1.1' ],
13 silly audit   'lodash.snakecase': [ '4.1.1' ],
13 silly audit   'log-symbols': [ '4.1.0' ],
13 silly audit   logform: [ '2.7.0' ],
13 silly audit   loupe: [ '2.3.7' ],
13 silly audit   lsofi: [ '1.0.0' ],
13 silly audit   'magic-string': [ '0.30.21' ],
13 silly audit   magicast: [ '0.3.5' ],
13 silly audit   semver: [ '6.3.1', '7.7.3' ],
13 silly audit   'make-error': [ '1.3.6' ],
13 silly audit   'make-fetch-happen': [ '14.0.3' ],
13 silly audit   'proc-log': [ '5.0.0', '4.2.0' ],
13 silly audit   marked: [ '13.0.3' ],
13 silly audit   'marked-terminal': [ '7.3.0' ],
13 silly audit   'ansi-escapes': [ '7.2.0' ],
13 silly audit   'math-intrinsics': [ '1.1.0' ],
13 silly audit   'mdn-data': [ '2.12.2' ],
13 silly audit   'merge-stream': [ '2.0.0' ],
13 silly audit   methods: [ '1.1.2' ],
13 silly audit   mime: [ '2.6.0', '1.6.0' ],
13 silly audit   'mimic-fn': [ '2.1.0', '4.0.0' ],
13 silly audit   minimist: [ '1.2.8' ],
13 silly audit   minipass: [ '7.1.2', '3.3.6', '5.0.0' ],
13 silly audit   'minipass-collect': [ '2.0.1' ],
13 silly audit   'minipass-fetch': [ '4.0.1' ],
13 silly audit   'minipass-flush': [ '1.0.5' ],
13 silly audit   yallist: [ '4.0.0', '5.0.0' ],
13 silly audit   'minipass-pipeline': [ '1.2.4' ],
13 silly audit   'minipass-sized': [ '1.0.3' ],
13 silly audit   minizlib: [ '3.1.0', '2.1.2' ],
13 silly audit   mitt: [ '3.0.1' ],
13 silly audit   mkdirp: [ '1.0.4' ],
13 silly audit   mlly: [ '1.8.0' ],
13 silly audit   pathe: [ '2.0.3', '1.1.2' ],
13 silly audit   moo: [ '0.5.2' ],
13 silly audit   morgan: [ '1.10.1' ],
13 silly audit   'mute-stream': [ '2.0.0' ],
13 silly audit   mz: [ '2.7.0' ],
13 silly audit   nan: [ '2.24.0' ],
13 silly audit   nanoid: [ '3.3.11' ],
13 silly audit   'natural-compare': [ '1.4.0' ],
13 silly audit   nearley: [ '2.20.1' ],
13 silly audit   netmask: [ '2.0.2' ],
13 silly audit   'node-domexception': [ '1.0.0' ],
13 silly audit   'node-emoji': [ '2.2.0' ],
13 silly audit   tr46: [ '0.0.3', '6.0.0' ],
13 silly audit   'webidl-conversions': [ '3.0.1', '8.0.0' ],
13 silly audit   'whatwg-url': [ '5.0.0', '15.1.0' ],
13 silly audit   'node-gyp': [ '11.5.0' ],
13 silly audit   which: [ '5.0.0', '2.0.2' ],
13 silly audit   nopt: [ '8.1.0' ],
13 silly audit   'normalize-path': [ '3.0.0' ],
13 silly audit   'npm-install-checks': [ '6.3.0' ],
13 silly audit   'npm-normalize-package-bin': [ '3.0.1' ],
13 silly audit   'npm-package-arg': [ '11.0.3' ],
13 silly audit   'npm-pick-manifest': [ '9.1.0' ],
13 silly audit   'object-assign': [ '4.1.1' ],
13 silly audit   'object-hash': [ '3.0.0' ],
13 silly audit   'object-inspect': [ '1.13.4' ],
13 silly audit   'on-headers': [ '1.1.0' ],
13 silly audit   once: [ '1.4.0' ],
13 silly audit   'one-time': [ '1.0.0' ],
13 silly audit   onetime: [ '5.1.2', '6.0.0' ],
13 silly audit   open: [ '6.4.0' ],
13 silly audit   'openapi3-ts': [ '3.2.0' ],
13 silly audit   optionator: [ '0.9.4' ],
13 silly audit   ora: [ '5.4.1' ],
13 silly audit   'p-defer': [ '3.0.0' ],
13 silly audit   'p-locate': [ '5.0.0' ],
13 silly audit   'p-map': [ '7.0.4' ],
13 silly audit   'p-throttle': [ '7.0.0' ],
13 silly audit   'pac-proxy-agent': [ '7.2.0' ],
13 silly audit   'pac-resolver': [ '7.0.1' ],
13 silly audit   'package-json-from-dist': [ '1.0.1' ],
13 silly audit   'parent-module': [ '1.0.1' ],
13 silly audit   'parse-json': [ '5.2.0' ],
13 silly audit   'parse5-htmlparser2-tree-adapter': [ '6.0.1' ],
13 silly audit   parseurl: [ '1.3.3' ],
13 silly audit   'path-exists': [ '4.0.0' ],
13 silly audit   'path-is-absolute': [ '1.0.1' ],
13 silly audit   'path-key': [ '3.1.1', '4.0.0' ],
13 silly audit   'path-scurry': [ '1.11.1' ],
13 silly audit   'path-to-regexp': [ '0.1.12', '8.3.0', '1.9.0' ],
13 silly audit   pathval: [ '1.1.1' ],
13 silly audit   pend: [ '1.2.0' ],
13 silly audit   pg: [ '8.16.3' ],
13 silly audit   'pg-cloudflare': [ '1.2.7' ],
13 silly audit   'pg-connection-string': [ '2.9.1' ],
13 silly audit   'pg-gateway': [ '0.3.0-beta.4' ],
13 silly audit   'pg-int8': [ '1.0.1' ],
13 silly audit   'pg-pool': [ '3.10.1' ],
13 silly audit   'pg-protocol': [ '1.10.3' ],
13 silly audit   'pg-types': [ '2.2.0' ],
13 silly audit   pgpass: [ '1.0.5' ],
13 silly audit   picocolors: [ '1.1.1' ],
13 silly audit   picomatch: [ '2.3.1', '4.0.3' ],
13 silly audit   'pkce-challenge': [ '5.0.1' ],
13 silly audit   'pkg-types': [ '1.3.1' ],
13 silly audit   portfinder: [ '1.0.38' ],
13 silly audit   postcss: [ '8.5.6' ],
13 silly audit   'postgres-array': [ '2.0.0' ],
13 silly audit   'postgres-bytea': [ '1.0.0' ],
13 silly audit   'postgres-date': [ '1.0.7' ],
13 silly audit   'postgres-interval': [ '1.2.0' ],
13 silly audit   'prelude-ls': [ '1.2.1' ],
13 silly audit   prettier: [ '3.7.3' ],
13 silly audit   'pretty-format': [ '29.7.0' ],
13 silly audit   process: [ '0.11.10' ],
13 silly audit   'process-nextick-args': [ '2.0.1' ],
13 silly audit   progress: [ '2.0.3' ],
13 silly audit   'promise-breaker': [ '6.0.0' ],
13 silly audit   'promise-retry': [ '2.0.1' ],
13 silly audit   retry: [ '0.12.0', '0.13.1' ],
13 silly audit   'proto-list': [ '1.2.4' ],
13 silly audit   'proto3-json-serializer': [ '3.0.4' ],
13 silly audit   protobufjs: [ '7.5.4' ],
13 silly audit   'proxy-addr': [ '2.0.7' ],
13 silly audit   'proxy-agent': [ '6.5.0' ],
13 silly audit   'proxy-from-env': [ '1.1.0' ],
13 silly audit   pump: [ '3.0.3' ],
13 silly audit   punycode: [ '2.3.1' ],
13 silly audit   pupa: [ '2.1.1' ],
13 silly audit   puppeteer: [ '23.11.1' ],
13 silly audit   'puppeteer-core': [ '23.11.1' ],
13 silly audit   qs: [ '6.14.0' ],
13 silly audit   'railroad-diagrams': [ '1.0.0' ],
13 silly audit   randexp: [ '0.4.6' ],
13 silly audit   'range-parser': [ '1.2.1' ],
13 silly audit   rc: [ '1.2.8' ],
13 silly audit   'strip-json-comments': [ '2.0.1', '3.1.1' ],
13 silly audit   re2: [ '1.22.3' ],
13 silly audit   'react-is': [ '18.3.1' ],
13 silly audit   'readdir-glob': [ '1.1.3' ],
13 silly audit   readdirp: [ '3.6.0' ],
13 silly audit   'regenerator-runtime': [ '0.13.11' ],
13 silly audit   'registry-auth-token': [ '5.1.0' ],
13 silly audit   'registry-url': [ '5.1.0' ],
13 silly audit   'require-directory': [ '2.1.1' ],
13 silly audit   'require-from-string': [ '2.0.2' ],
13 silly audit   'resolve-from': [ '4.0.0' ],
13 silly audit   'restore-cursor': [ '3.1.0' ],
13 silly audit   'signal-exit': [ '3.0.7', '4.1.0' ],
13 silly audit   ret: [ '0.1.15' ],
13 silly audit   'retry-request': [ '8.0.2' ],
13 silly audit   rimraf: [ '5.0.10' ],
13 silly audit   rollup: [ '4.53.3' ],
13 silly audit   router: [ '2.2.0' ],
13 silly audit   'safe-stable-stringify': [ '2.5.0' ],
13 silly audit   'safer-buffer': [ '2.1.2' ],
13 silly audit   saxes: [ '6.0.0' ],
13 silly audit   seedrandom: [ '3.0.5' ],
13 silly audit   'semver-diff': [ '3.1.1' ],
13 silly audit   setprototypeof: [ '1.2.0' ],
13 silly audit   'shebang-command': [ '2.0.0' ],
13 silly audit   'shebang-regex': [ '3.0.0' ],
13 silly audit   'side-channel': [ '1.1.0' ],
13 silly audit   'side-channel-list': [ '1.0.0' ],
13 silly audit   'side-channel-map': [ '1.0.1' ],
13 silly audit   'side-channel-weakmap': [ '1.0.2' ],
13 silly audit   siginfo: [ '2.0.0' ],
13 silly audit   'skin-tone': [ '2.0.0' ],
13 silly audit   'smart-buffer': [ '4.2.0' ],
13 silly audit   socks: [ '2.8.7' ],
13 silly audit   'socks-proxy-agent': [ '8.0.5' ],
13 silly audit   'sort-any': [ '2.0.0' ],
13 silly audit   'source-map': [ '0.6.1' ],
13 silly audit   'source-map-js': [ '1.2.1' ],
13 silly audit   split2: [ '4.2.0' ],
13 silly audit   'sprintf-js': [ '1.0.3' ],
13 silly audit   'sql-formatter': [ '15.6.10' ],
13 silly audit   ssri: [ '12.0.0' ],
13 silly audit   'stack-trace': [ '0.0.10' ],
13 silly audit   stackback: [ '0.0.2' ],
13 silly audit   'std-env': [ '3.10.0' ],
13 silly audit   'stream-chain': [ '2.2.5' ],
13 silly audit   'stream-events': [ '1.0.5' ],
13 silly audit   'stream-json': [ '1.9.1' ],
13 silly audit   'stream-shift': [ '1.0.3' ],
13 silly audit   streamx: [ '2.23.0' ],
13 silly audit   'strip-literal': [ '2.1.1' ],
13 silly audit   stubs: [ '3.0.0' ],
13 silly audit   superstatic: [ '10.0.0' ],
13 silly audit   'supports-color': [ '7.2.0' ],
13 silly audit   'supports-hyperlinks': [ '3.2.0' ],
13 silly audit   'symbol-tree': [ '3.2.4' ],
13 silly audit   'tar-fs': [ '3.1.1' ],
13 silly audit   'tar-stream': [ '3.1.7' ],
13 silly audit   'tcp-port-used': [ '1.0.2' ],
13 silly audit   'teeny-request': [ '10.1.0' ],
13 silly audit   terser: [ '5.44.1' ],
13 silly audit   'source-map-support': [ '0.5.21' ],
13 silly audit   'test-exclude': [ '6.0.0' ],
13 silly audit   'text-decoder': [ '1.2.3' ],
13 silly audit   'text-hex': [ '1.0.0' ],
13 silly audit   thenify: [ '3.3.1' ],
13 silly audit   'thenify-all': [ '1.6.0' ],
13 silly audit   through: [ '2.3.8' ],
13 silly audit   through2: [ '2.0.5' ],
13 silly audit   tinybench: [ '2.9.0' ],
13 silly audit   tinyglobby: [ '0.2.15' ],
13 silly audit   fdir: [ '6.5.0' ],
13 silly audit   tinypool: [ '0.8.4' ],
13 silly audit   tinyspy: [ '2.2.1' ],
13 silly audit   tldts: [ '7.0.19' ],
13 silly audit   'tldts-core': [ '7.0.19' ],
13 silly audit   tmp: [ '0.2.5' ],
13 silly audit   'to-regex-range': [ '5.0.1' ],
13 silly audit   toidentifier: [ '1.0.1' ],
13 silly audit   'tough-cookie': [ '6.0.0' ],
13 silly audit   toxic: [ '1.0.1' ],
13 silly audit   'triple-beam': [ '1.4.1' ],
13 silly audit   'ts-node': [ '10.9.2' ],
13 silly audit   tslib: [ '2.8.1' ],
13 silly audit   tsscmp: [ '1.0.6' ],
13 silly audit   'type-check': [ '0.4.0' ],
13 silly audit   'type-fest': [ '0.20.2' ],
13 silly audit   'typed-query-selector': [ '2.12.0' ],
13 silly audit   'typedarray-to-buffer': [ '3.1.5' ],
13 silly audit   typescript: [ '5.9.3' ],
13 silly audit   ufo: [ '1.6.1' ],
13 silly audit   'unbzip2-stream': [ '1.4.3' ],
13 silly audit   'undici-types': [ '7.16.0' ],
13 silly audit   'unicode-emoji-modifier-base': [ '1.0.0' ],
13 silly audit   'unique-filename': [ '4.0.0' ],
13 silly audit   'unique-slug': [ '5.0.0' ],
13 silly audit   'unique-string': [ '2.0.0' ],
13 silly audit   'universal-analytics': [ '0.5.3' ],
13 silly audit   universalify: [ '2.0.1' ],
13 silly audit   unpipe: [ '1.0.0' ],
13 silly audit   'update-notifier-cjs': [ '5.1.7' ],
13 silly audit   'uri-js': [ '4.4.1' ],
13 silly audit   'url-join': [ '0.0.1' ],
13 silly audit   'url-template': [ '2.0.8' ],
13 silly audit   'util-deprecate': [ '1.0.2' ],
13 silly audit   'utils-merge': [ '1.0.1' ],
13 silly audit   'v8-compile-cache-lib': [ '3.0.1' ],
13 silly audit   'valid-url': [ '1.0.9' ],
13 silly audit   'validate-npm-package-name': [ '5.0.1' ],
13 silly audit   vary: [ '1.1.2' ],
13 silly audit   vite: [ '5.4.21' ],
13 silly audit   'vite-node': [ '1.6.1' ],
13 silly audit   vitest: [ '1.6.1' ],
13 silly audit   execa: [ '8.0.1' ],
13 silly audit   'human-signals': [ '5.0.0' ],
13 silly audit   'npm-run-path': [ '5.3.0' ],
13 silly audit   'strip-final-newline': [ '3.0.0' ],
13 silly audit   'w3c-xmlserializer': [ '5.0.0' ],
13 silly audit   wcwidth: [ '1.0.1' ],
13 silly audit   'web-streams-polyfill': [ '3.3.3' ],
13 silly audit   'web-vitals': [ '4.2.4' ],
13 silly audit   'websocket-driver': [ '0.7.4' ],
13 silly audit   'websocket-extensions': [ '0.1.4' ],
13 silly audit   'whatwg-encoding': [ '3.1.1' ],
13 silly audit   'whatwg-fetch': [ '3.6.20' ],
13 silly audit   'whatwg-mimetype': [ '4.0.0' ],
13 silly audit   'why-is-node-running': [ '2.3.0' ],
13 silly audit   'widest-line': [ '3.1.0' ],
13 silly audit   winston: [ '3.18.3' ],
13 silly audit   'winston-transport': [ '4.9.0' ],
13 silly audit   'word-wrap': [ '1.2.5' ],
13 silly audit   wrappy: [ '1.0.2' ],
13 silly audit   'write-file-atomic': [ '3.0.3' ],
13 silly audit   'xdg-basedir': [ '4.0.0' ],
13 silly audit   'xml-name-validator': [ '5.0.0' ],
13 silly audit   xmlchars: [ '2.2.0' ],
13 silly audit   xtend: [ '4.0.2' ],
13 silly audit   y18n: [ '5.0.8' ],
13 silly audit   yaml: [ '2.8.2' ],
13 silly audit   yauzl: [ '2.10.0' ],
13 silly audit   yn: [ '3.1.1' ],
13 silly audit   'yoctocolors-cjs': [ '2.1.3' ],
13 silly audit   'zip-stream': [ '6.0.1' ]
13 silly audit }
14 http fetch POST 200 https://registry.npmjs.org/-/npm/v1/security/advisories/bulk 388ms
15 silly audit report {}
16 verbose cwd /Users/awaiveera/Desktop/NavaFitSG
17 verbose os Darwin 25.1.0
18 verbose node v24.7.0
19 verbose npm  v11.5.1
20 verbose exit 0
21 info ok
